{"C:\\szymon\\programming\\fso_2021\\note-app\\frontend\\src\\App.jsx": {"path":"C:\\szymon\\programming\\fso_2021\\note-app\\frontend\\src\\App.jsx","statementMap":{"0":{"start":{"line":12,"column":12},"end":{"line":135,"column":1}},"1":{"start":{"line":13,"column":28},"end":{"line":13,"column":40}},"2":{"start":{"line":14,"column":32},"end":{"line":14,"column":46}},"3":{"start":{"line":15,"column":42},"end":{"line":15,"column":56}},"4":{"start":{"line":16,"column":26},"end":{"line":16,"column":40}},"5":{"start":{"line":18,"column":22},"end":{"line":18,"column":30}},"6":{"start":{"line":20,"column":2},"end":{"line":27,"column":9}},"7":{"start":{"line":21,"column":27},"end":{"line":21,"column":75}},"8":{"start":{"line":22,"column":4},"end":{"line":26,"column":5}},"9":{"start":{"line":23,"column":25},"end":{"line":23,"column":51}},"10":{"start":{"line":24,"column":6},"end":{"line":24,"column":26}},"11":{"start":{"line":25,"column":6},"end":{"line":25,"column":45}},"12":{"start":{"line":29,"column":2},"end":{"line":33,"column":9}},"13":{"start":{"line":30,"column":4},"end":{"line":32,"column":7}},"14":{"start":{"line":31,"column":6},"end":{"line":31,"column":29}},"15":{"start":{"line":35,"column":22},"end":{"line":35,"column":78}},"16":{"start":{"line":35,"column":63},"end":{"line":35,"column":77}},"17":{"start":{"line":37,"column":18},"end":{"line":47,"column":3}},"18":{"start":{"line":38,"column":4},"end":{"line":38,"column":43}},"19":{"start":{"line":39,"column":4},"end":{"line":46,"column":9}},"20":{"start":{"line":42,"column":8},"end":{"line":42,"column":45}},"21":{"start":{"line":45,"column":8},"end":{"line":45,"column":37}},"22":{"start":{"line":49,"column":29},"end":{"line":67,"column":3}},"23":{"start":{"line":50,"column":25},"end":{"line":50,"column":61}},"24":{"start":{"line":50,"column":46},"end":{"line":50,"column":60}},"25":{"start":{"line":51,"column":24},"end":{"line":51,"column":79}},"26":{"start":{"line":53,"column":4},"end":{"line":66,"column":9}},"27":{"start":{"line":56,"column":8},"end":{"line":56,"column":78}},"28":{"start":{"line":56,"column":38},"end":{"line":56,"column":74}},"29":{"start":{"line":59,"column":8},"end":{"line":61,"column":10}},"30":{"start":{"line":62,"column":8},"end":{"line":64,"column":17}},"31":{"start":{"line":63,"column":10},"end":{"line":63,"column":32}},"32":{"start":{"line":65,"column":8},"end":{"line":65,"column":57}},"33":{"start":{"line":65,"column":40},"end":{"line":65,"column":54}},"34":{"start":{"line":69,"column":21},"end":{"line":86,"column":3}},"35":{"start":{"line":70,"column":35},"end":{"line":70,"column":46}},"36":{"start":{"line":72,"column":4},"end":{"line":85,"column":5}},"37":{"start":{"line":73,"column":25},"end":{"line":73,"column":73}},"38":{"start":{"line":74,"column":6},"end":{"line":77,"column":8}},"39":{"start":{"line":78,"column":6},"end":{"line":78,"column":45}},"40":{"start":{"line":79,"column":6},"end":{"line":79,"column":26}},"41":{"start":{"line":81,"column":6},"end":{"line":81,"column":43}},"42":{"start":{"line":82,"column":6},"end":{"line":84,"column":15}},"43":{"start":{"line":83,"column":8},"end":{"line":83,"column":30}},"44":{"start":{"line":88,"column":26},"end":{"line":91,"column":3}},"45":{"start":{"line":89,"column":4},"end":{"line":89,"column":56}},"46":{"start":{"line":90,"column":4},"end":{"line":90,"column":18}},"47":{"start":{"line":93,"column":20},"end":{"line":97,"column":3}},"48":{"start":{"line":94,"column":4},"end":{"line":96,"column":16}},"49":{"start":{"line":99,"column":19},"end":{"line":109,"column":3}},"50":{"start":{"line":100,"column":4},"end":{"line":108,"column":10}},"51":{"start":{"line":111,"column":2},"end":{"line":134,"column":4}},"52":{"start":{"line":119,"column":23},"end":{"line":119,"column":43}},"53":{"start":{"line":125,"column":10},"end":{"line":129,"column":12}},"54":{"start":{"line":128,"column":36},"end":{"line":128,"column":63}}},"fnMap":{"0":{"name":"(anonymous_0)","decl":{"start":{"line":12,"column":12},"end":{"line":12,"column":13}},"loc":{"start":{"line":12,"column":18},"end":{"line":135,"column":1}},"line":12},"1":{"name":"(anonymous_1)","decl":{"start":{"line":20,"column":12},"end":{"line":20,"column":13}},"loc":{"start":{"line":20,"column":18},"end":{"line":27,"column":3}},"line":20},"2":{"name":"(anonymous_2)","decl":{"start":{"line":29,"column":12},"end":{"line":29,"column":13}},"loc":{"start":{"line":29,"column":18},"end":{"line":33,"column":3}},"line":29},"3":{"name":"(anonymous_3)","decl":{"start":{"line":30,"column":30},"end":{"line":30,"column":31}},"loc":{"start":{"line":30,"column":48},"end":{"line":32,"column":5}},"line":30},"4":{"name":"(anonymous_4)","decl":{"start":{"line":35,"column":53},"end":{"line":35,"column":54}},"loc":{"start":{"line":35,"column":63},"end":{"line":35,"column":77}},"line":35},"5":{"name":"(anonymous_5)","decl":{"start":{"line":37,"column":18},"end":{"line":37,"column":19}},"loc":{"start":{"line":37,"column":31},"end":{"line":47,"column":3}},"line":37},"6":{"name":"(anonymous_6)","decl":{"start":{"line":41,"column":12},"end":{"line":41,"column":13}},"loc":{"start":{"line":41,"column":30},"end":{"line":43,"column":7}},"line":41},"7":{"name":"(anonymous_7)","decl":{"start":{"line":44,"column":13},"end":{"line":44,"column":14}},"loc":{"start":{"line":44,"column":24},"end":{"line":46,"column":7}},"line":44},"8":{"name":"(anonymous_8)","decl":{"start":{"line":49,"column":29},"end":{"line":49,"column":30}},"loc":{"start":{"line":49,"column":37},"end":{"line":67,"column":3}},"line":49},"9":{"name":"(anonymous_9)","decl":{"start":{"line":50,"column":36},"end":{"line":50,"column":37}},"loc":{"start":{"line":50,"column":46},"end":{"line":50,"column":60}},"line":50},"10":{"name":"(anonymous_10)","decl":{"start":{"line":55,"column":12},"end":{"line":55,"column":13}},"loc":{"start":{"line":55,"column":30},"end":{"line":57,"column":7}},"line":55},"11":{"name":"(anonymous_11)","decl":{"start":{"line":56,"column":27},"end":{"line":56,"column":28}},"loc":{"start":{"line":56,"column":38},"end":{"line":56,"column":74}},"line":56},"12":{"name":"(anonymous_12)","decl":{"start":{"line":58,"column":13},"end":{"line":58,"column":14}},"loc":{"start":{"line":58,"column":19},"end":{"line":66,"column":7}},"line":58},"13":{"name":"(anonymous_13)","decl":{"start":{"line":62,"column":19},"end":{"line":62,"column":20}},"loc":{"start":{"line":62,"column":25},"end":{"line":64,"column":9}},"line":62},"14":{"name":"(anonymous_14)","decl":{"start":{"line":65,"column":30},"end":{"line":65,"column":31}},"loc":{"start":{"line":65,"column":40},"end":{"line":65,"column":54}},"line":65},"15":{"name":"(anonymous_15)","decl":{"start":{"line":69,"column":21},"end":{"line":69,"column":22}},"loc":{"start":{"line":69,"column":44},"end":{"line":86,"column":3}},"line":69},"16":{"name":"(anonymous_16)","decl":{"start":{"line":82,"column":17},"end":{"line":82,"column":18}},"loc":{"start":{"line":82,"column":23},"end":{"line":84,"column":7}},"line":82},"17":{"name":"(anonymous_17)","decl":{"start":{"line":88,"column":26},"end":{"line":88,"column":27}},"loc":{"start":{"line":88,"column":32},"end":{"line":91,"column":3}},"line":88},"18":{"name":"(anonymous_18)","decl":{"start":{"line":93,"column":20},"end":{"line":93,"column":21}},"loc":{"start":{"line":94,"column":4},"end":{"line":96,"column":16}},"line":94},"19":{"name":"(anonymous_19)","decl":{"start":{"line":99,"column":19},"end":{"line":99,"column":20}},"loc":{"start":{"line":100,"column":4},"end":{"line":108,"column":10}},"line":100},"20":{"name":"(anonymous_20)","decl":{"start":{"line":119,"column":17},"end":{"line":119,"column":18}},"loc":{"start":{"line":119,"column":23},"end":{"line":119,"column":43}},"line":119},"21":{"name":"(anonymous_21)","decl":{"start":{"line":124,"column":25},"end":{"line":124,"column":26}},"loc":{"start":{"line":125,"column":10},"end":{"line":129,"column":12}},"line":125},"22":{"name":"(anonymous_22)","decl":{"start":{"line":128,"column":30},"end":{"line":128,"column":31}},"loc":{"start":{"line":128,"column":36},"end":{"line":128,"column":63}},"line":128}},"branchMap":{"0":{"loc":{"start":{"line":22,"column":4},"end":{"line":26,"column":5}},"type":"if","locations":[{"start":{"line":22,"column":4},"end":{"line":26,"column":5}},{"start":{"line":22,"column":4},"end":{"line":26,"column":5}}],"line":22},"1":{"loc":{"start":{"line":35,"column":22},"end":{"line":35,"column":78}},"type":"cond-expr","locations":[{"start":{"line":35,"column":32},"end":{"line":35,"column":37}},{"start":{"line":35,"column":40},"end":{"line":35,"column":78}}],"line":35},"2":{"loc":{"start":{"line":56,"column":38},"end":{"line":56,"column":74}},"type":"cond-expr","locations":[{"start":{"line":56,"column":55},"end":{"line":56,"column":59}},{"start":{"line":56,"column":62},"end":{"line":56,"column":74}}],"line":56},"3":{"loc":{"start":{"line":115,"column":7},"end":{"line":115,"column":47}},"type":"cond-expr","locations":[{"start":{"line":115,"column":23},"end":{"line":115,"column":34}},{"start":{"line":115,"column":37},"end":{"line":115,"column":47}}],"line":115},"4":{"loc":{"start":{"line":121,"column":14},"end":{"line":121,"column":43}},"type":"cond-expr","locations":[{"start":{"line":121,"column":24},"end":{"line":121,"column":35}},{"start":{"line":121,"column":38},"end":{"line":121,"column":43}}],"line":121}},"s":{"0":0,"1":0,"2":0,"3":0,"4":0,"5":0,"6":0,"7":0,"8":0,"9":0,"10":0,"11":0,"12":0,"13":0,"14":0,"15":0,"16":0,"17":0,"18":0,"19":0,"20":0,"21":0,"22":0,"23":0,"24":0,"25":0,"26":0,"27":0,"28":0,"29":0,"30":0,"31":0,"32":0,"33":0,"34":0,"35":0,"36":0,"37":0,"38":0,"39":0,"40":0,"41":0,"42":0,"43":0,"44":0,"45":0,"46":0,"47":0,"48":0,"49":0,"50":0,"51":0,"52":0,"53":0,"54":0},"f":{"0":0,"1":0,"2":0,"3":0,"4":0,"5":0,"6":0,"7":0,"8":0,"9":0,"10":0,"11":0,"12":0,"13":0,"14":0,"15":0,"16":0,"17":0,"18":0,"19":0,"20":0,"21":0,"22":0},"b":{"0":[0,0],"1":[0,0],"2":[0,0],"3":[0,0],"4":[0,0]}}
,"C:\\szymon\\programming\\fso_2021\\note-app\\frontend\\src\\index.jsx": {"path":"C:\\szymon\\programming\\fso_2021\\note-app\\frontend\\src\\index.jsx","statementMap":{"0":{"start":{"line":5,"column":0},"end":{"line":5,"column":58}}},"fnMap":{},"branchMap":{},"s":{"0":0},"f":{},"b":{}}
,"C:\\szymon\\programming\\fso_2021\\note-app\\frontend\\src\\components\\Footer.jsx": {"path":"C:\\szymon\\programming\\fso_2021\\note-app\\frontend\\src\\components\\Footer.jsx","statementMap":{"0":{"start":{"line":3,"column":15},"end":{"line":18,"column":1}},"1":{"start":{"line":4,"column":22},"end":{"line":8,"column":3}},"2":{"start":{"line":10,"column":2},"end":{"line":17,"column":4}}},"fnMap":{"0":{"name":"(anonymous_0)","decl":{"start":{"line":3,"column":15},"end":{"line":3,"column":16}},"loc":{"start":{"line":3,"column":21},"end":{"line":18,"column":1}},"line":3}},"branchMap":{},"s":{"0":0,"1":0,"2":0},"f":{"0":0},"b":{}}
,"C:\\szymon\\programming\\fso_2021\\note-app\\frontend\\src\\components\\LoginForm.jsx": {"path":"C:\\szymon\\programming\\fso_2021\\note-app\\frontend\\src\\components\\LoginForm.jsx","statementMap":{"0":{"start":{"line":4,"column":18},"end":{"line":42,"column":1}},"1":{"start":{"line":5,"column":34},"end":{"line":5,"column":46}},"2":{"start":{"line":6,"column":34},"end":{"line":6,"column":46}},"3":{"start":{"line":8,"column":23},"end":{"line":14,"column":3}},"4":{"start":{"line":9,"column":4},"end":{"line":9,"column":27}},"5":{"start":{"line":11,"column":4},"end":{"line":11,"column":39}},"6":{"start":{"line":12,"column":4},"end":{"line":12,"column":20}},"7":{"start":{"line":13,"column":4},"end":{"line":13,"column":20}},"8":{"start":{"line":16,"column":2},"end":{"line":41,"column":4}},"9":{"start":{"line":26,"column":38},"end":{"line":26,"column":63}},"10":{"start":{"line":35,"column":38},"end":{"line":35,"column":63}},"11":{"start":{"line":44,"column":0},"end":{"line":46,"column":2}}},"fnMap":{"0":{"name":"(anonymous_0)","decl":{"start":{"line":4,"column":18},"end":{"line":4,"column":19}},"loc":{"start":{"line":4,"column":38},"end":{"line":42,"column":1}},"line":4},"1":{"name":"(anonymous_1)","decl":{"start":{"line":8,"column":23},"end":{"line":8,"column":24}},"loc":{"start":{"line":8,"column":34},"end":{"line":14,"column":3}},"line":8},"2":{"name":"(anonymous_2)","decl":{"start":{"line":26,"column":22},"end":{"line":26,"column":23}},"loc":{"start":{"line":26,"column":38},"end":{"line":26,"column":63}},"line":26},"3":{"name":"(anonymous_3)","decl":{"start":{"line":35,"column":22},"end":{"line":35,"column":23}},"loc":{"start":{"line":35,"column":38},"end":{"line":35,"column":63}},"line":35}},"branchMap":{},"s":{"0":0,"1":0,"2":0,"3":0,"4":0,"5":0,"6":0,"7":0,"8":0,"9":0,"10":0,"11":0},"f":{"0":0,"1":0,"2":0,"3":0},"b":{}}
,"C:\\szymon\\programming\\fso_2021\\note-app\\frontend\\src\\components\\Note.jsx": {"path":"C:\\szymon\\programming\\fso_2021\\note-app\\frontend\\src\\components\\Note.jsx","statementMap":{"0":{"start":{"line":4,"column":13},"end":{"line":15,"column":1}},"1":{"start":{"line":5,"column":16},"end":{"line":5,"column":72}},"2":{"start":{"line":7,"column":2},"end":{"line":14,"column":4}},"3":{"start":{"line":17,"column":0},"end":{"line":32,"column":2}}},"fnMap":{"0":{"name":"(anonymous_0)","decl":{"start":{"line":4,"column":13},"end":{"line":4,"column":14}},"loc":{"start":{"line":4,"column":45},"end":{"line":15,"column":1}},"line":4}},"branchMap":{"0":{"loc":{"start":{"line":5,"column":16},"end":{"line":5,"column":72}},"type":"cond-expr","locations":[{"start":{"line":5,"column":33},"end":{"line":5,"column":53}},{"start":{"line":5,"column":56},"end":{"line":5,"column":72}}],"line":5}},"s":{"0":1,"1":2,"2":2,"3":1},"f":{"0":2},"b":{"0":[2,0]},"_coverageSchema":"1a1c01bbd47fc00a2c39e90264f33305004495a9","hash":"6938dc5ab274eff0d9ad1bac2eef8e57c9a4cbd1"}
,"C:\\szymon\\programming\\fso_2021\\note-app\\frontend\\src\\components\\NoteForm.jsx": {"path":"C:\\szymon\\programming\\fso_2021\\note-app\\frontend\\src\\components\\NoteForm.jsx","statementMap":{"0":{"start":{"line":4,"column":17},"end":{"line":30,"column":1}},"1":{"start":{"line":5,"column":32},"end":{"line":5,"column":44}},"2":{"start":{"line":7,"column":18},"end":{"line":16,"column":3}},"3":{"start":{"line":8,"column":4},"end":{"line":8,"column":27}},"4":{"start":{"line":10,"column":4},"end":{"line":13,"column":7}},"5":{"start":{"line":15,"column":4},"end":{"line":15,"column":19}},"6":{"start":{"line":18,"column":2},"end":{"line":29,"column":4}},"7":{"start":{"line":24,"column":36},"end":{"line":24,"column":60}},"8":{"start":{"line":32,"column":0},"end":{"line":34,"column":2}}},"fnMap":{"0":{"name":"(anonymous_0)","decl":{"start":{"line":4,"column":17},"end":{"line":4,"column":18}},"loc":{"start":{"line":4,"column":37},"end":{"line":30,"column":1}},"line":4},"1":{"name":"(anonymous_1)","decl":{"start":{"line":7,"column":18},"end":{"line":7,"column":19}},"loc":{"start":{"line":7,"column":29},"end":{"line":16,"column":3}},"line":7},"2":{"name":"(anonymous_2)","decl":{"start":{"line":24,"column":20},"end":{"line":24,"column":21}},"loc":{"start":{"line":24,"column":36},"end":{"line":24,"column":60}},"line":24}},"branchMap":{},"s":{"0":1,"1":3,"2":3,"3":1,"4":1,"5":1,"6":3,"7":1,"8":1},"f":{"0":3,"1":1,"2":1},"b":{},"_coverageSchema":"1a1c01bbd47fc00a2c39e90264f33305004495a9","hash":"d2a4539f4ed142f7290854a3a465c0ba9a22ac09"}
,"C:\\szymon\\programming\\fso_2021\\note-app\\frontend\\src\\components\\Notification.jsx": {"path":"C:\\szymon\\programming\\fso_2021\\note-app\\frontend\\src\\components\\Notification.jsx","statementMap":{"0":{"start":{"line":4,"column":21},"end":{"line":10,"column":1}},"1":{"start":{"line":5,"column":2},"end":{"line":7,"column":3}},"2":{"start":{"line":6,"column":4},"end":{"line":6,"column":16}},"3":{"start":{"line":9,"column":2},"end":{"line":9,"column":48}},"4":{"start":{"line":12,"column":0},"end":{"line":14,"column":2}},"5":{"start":{"line":16,"column":0},"end":{"line":18,"column":2}}},"fnMap":{"0":{"name":"(anonymous_0)","decl":{"start":{"line":4,"column":21},"end":{"line":4,"column":22}},"loc":{"start":{"line":4,"column":38},"end":{"line":10,"column":1}},"line":4}},"branchMap":{"0":{"loc":{"start":{"line":5,"column":2},"end":{"line":7,"column":3}},"type":"if","locations":[{"start":{"line":5,"column":2},"end":{"line":7,"column":3}},{"start":{"line":5,"column":2},"end":{"line":7,"column":3}}],"line":5}},"s":{"0":0,"1":0,"2":0,"3":0,"4":0,"5":0},"f":{"0":0},"b":{"0":[0,0]}}
,"C:\\szymon\\programming\\fso_2021\\note-app\\frontend\\src\\components\\Togglable.jsx": {"path":"C:\\szymon\\programming\\fso_2021\\note-app\\frontend\\src\\components\\Togglable.jsx","statementMap":{"0":{"start":{"line":5,"column":18},"end":{"line":36,"column":2}},"1":{"start":{"line":6,"column":38},"end":{"line":6,"column":53}},"2":{"start":{"line":8,"column":26},"end":{"line":8,"column":63}},"3":{"start":{"line":9,"column":26},"end":{"line":9,"column":63}},"4":{"start":{"line":11,"column":27},"end":{"line":13,"column":3}},"5":{"start":{"line":12,"column":4},"end":{"line":12,"column":31}},"6":{"start":{"line":15,"column":2},"end":{"line":15,"column":57}},"7":{"start":{"line":15,"column":34},"end":{"line":15,"column":54}},"8":{"start":{"line":17,"column":2},"end":{"line":35,"column":4}},"9":{"start":{"line":38,"column":0},"end":{"line":38,"column":36}},"10":{"start":{"line":40,"column":0},"end":{"line":43,"column":2}}},"fnMap":{"0":{"name":"(anonymous_0)","decl":{"start":{"line":5,"column":35},"end":{"line":5,"column":36}},"loc":{"start":{"line":5,"column":51},"end":{"line":36,"column":1}},"line":5},"1":{"name":"(anonymous_1)","decl":{"start":{"line":11,"column":27},"end":{"line":11,"column":28}},"loc":{"start":{"line":11,"column":33},"end":{"line":13,"column":3}},"line":11},"2":{"name":"(anonymous_2)","decl":{"start":{"line":15,"column":27},"end":{"line":15,"column":28}},"loc":{"start":{"line":15,"column":34},"end":{"line":15,"column":54}},"line":15}},"branchMap":{"0":{"loc":{"start":{"line":8,"column":37},"end":{"line":8,"column":61}},"type":"cond-expr","locations":[{"start":{"line":8,"column":50},"end":{"line":8,"column":56}},{"start":{"line":8,"column":59},"end":{"line":8,"column":61}}],"line":8},"1":{"loc":{"start":{"line":9,"column":37},"end":{"line":9,"column":61}},"type":"cond-expr","locations":[{"start":{"line":9,"column":50},"end":{"line":9,"column":52}},{"start":{"line":9,"column":55},"end":{"line":9,"column":61}}],"line":9}},"s":{"0":1,"1":7,"2":7,"3":7,"4":7,"5":3,"6":7,"7":0,"8":7,"9":1,"10":1},"f":{"0":7,"1":3,"2":0},"b":{"0":[2,5],"1":[2,5]},"_coverageSchema":"1a1c01bbd47fc00a2c39e90264f33305004495a9","hash":"745d8032724e34c700aebba319e84264d1de67df"}
,"C:\\szymon\\programming\\fso_2021\\note-app\\frontend\\src\\services\\login.js": {"path":"C:\\szymon\\programming\\fso_2021\\note-app\\frontend\\src\\services\\login.js","statementMap":{"0":{"start":{"line":3,"column":16},"end":{"line":3,"column":28}},"1":{"start":{"line":5,"column":14},"end":{"line":8,"column":1}},"2":{"start":{"line":6,"column":19},"end":{"line":6,"column":57}},"3":{"start":{"line":7,"column":2},"end":{"line":7,"column":23}},"4":{"start":{"line":10,"column":21},"end":{"line":12,"column":1}}},"fnMap":{"0":{"name":"(anonymous_0)","decl":{"start":{"line":5,"column":14},"end":{"line":5,"column":15}},"loc":{"start":{"line":5,"column":37},"end":{"line":8,"column":1}},"line":5}},"branchMap":{},"s":{"0":0,"1":0,"2":0,"3":0,"4":0},"f":{"0":0},"b":{}}
,"C:\\szymon\\programming\\fso_2021\\note-app\\frontend\\src\\services\\notes.js": {"path":"C:\\szymon\\programming\\fso_2021\\note-app\\frontend\\src\\services\\notes.js","statementMap":{"0":{"start":{"line":3,"column":16},"end":{"line":3,"column":28}},"1":{"start":{"line":5,"column":12},"end":{"line":5,"column":16}},"2":{"start":{"line":6,"column":17},"end":{"line":8,"column":1}},"3":{"start":{"line":7,"column":2},"end":{"line":7,"column":31}},"4":{"start":{"line":10,"column":15},"end":{"line":13,"column":1}},"5":{"start":{"line":11,"column":19},"end":{"line":11,"column":43}},"6":{"start":{"line":12,"column":2},"end":{"line":12,"column":23}},"7":{"start":{"line":15,"column":15},"end":{"line":21,"column":1}},"8":{"start":{"line":16,"column":17},"end":{"line":18,"column":3}},"9":{"start":{"line":19,"column":19},"end":{"line":19,"column":63}},"10":{"start":{"line":20,"column":2},"end":{"line":20,"column":23}},"11":{"start":{"line":23,"column":15},"end":{"line":26,"column":1}},"12":{"start":{"line":24,"column":19},"end":{"line":24,"column":65}},"13":{"start":{"line":25,"column":2},"end":{"line":25,"column":23}},"14":{"start":{"line":28,"column":21},"end":{"line":33,"column":1}}},"fnMap":{"0":{"name":"(anonymous_0)","decl":{"start":{"line":6,"column":17},"end":{"line":6,"column":18}},"loc":{"start":{"line":6,"column":31},"end":{"line":8,"column":1}},"line":6},"1":{"name":"(anonymous_1)","decl":{"start":{"line":10,"column":15},"end":{"line":10,"column":16}},"loc":{"start":{"line":10,"column":27},"end":{"line":13,"column":1}},"line":10},"2":{"name":"(anonymous_2)","decl":{"start":{"line":15,"column":15},"end":{"line":15,"column":16}},"loc":{"start":{"line":15,"column":36},"end":{"line":21,"column":1}},"line":15},"3":{"name":"(anonymous_3)","decl":{"start":{"line":23,"column":15},"end":{"line":23,"column":16}},"loc":{"start":{"line":23,"column":40},"end":{"line":26,"column":1}},"line":23}},"branchMap":{},"s":{"0":0,"1":0,"2":0,"3":0,"4":0,"5":0,"6":0,"7":0,"8":0,"9":0,"10":0,"11":0,"12":0,"13":0,"14":0},"f":{"0":0,"1":0,"2":0,"3":0},"b":{}}
}
